Emulation Parameters: 
	number to arrive = 4
	lambda = 33.3
	mu = 0.85
	r = 0.5
	B = 7
	P = 5

00000000.000: emulation begins
00000030.488: p1 arrives, needs 5 tokens, inter-arrival time = 30.488ms
00000030.502: p1 enter Q1
00000060.721: p2 arrives, needs 5 tokens, inter-arrival time = 30.233ms
00000060.732: p2 enter Q1
00000091.288: p3 arrives, needs 5 tokens, inter-arrival time = 30.567ms
00000091.301: p3 enter Q1
00000121.495: p4 arrives, needs 5 tokens, inter-arrival time = 30.207ms
00000121.504: p4 enter Q1
00002000.364: token t1 arrives, token bucket now has 1 token
00004000.972: token t2 arrives, token bucket now has 2 tokens
00006001.251: token t3 arrives, token bucket now has 3 tokens
00008002.450: token t4 arrives, token bucket now has 4 tokens
00010003.448: token t5 arrives, token bucket now has 5 tokens
00010003.466: p1 leaves Q1, time in Q1 = 9972.964ms, token bucket now has 0 token
00010003.475: p1 enters Q2
00010003.512: p1 leaves Q2, time in Q2 = 0.037ms
00010003.536: p1 begins service at S2, requesting 1176.000ms of service
00011180.771: p1 departs from S2, service time = 1177.235ms, time in system = 11180.771ms
00012004.309: token t6 arrives, token bucket now has 1 token
00014004.479: token t7 arrives, token bucket now has 2 tokens
00016005.406: token t8 arrives, token bucket now has 3 tokens
00018006.014: token t9 arrives, token bucket now has 4 tokens
00020006.750: token t10 arrives, token bucket now has 5 tokens
00020006.763: p2 leaves Q1, time in Q1 = 19946.031ms, token bucket now has 0 token
00020006.769: p2 enters Q2
00020007.122: p2 leaves Q2, time in Q2 = 0.353ms
00020007.127: p2 begins service at S2, requesting 1176.000ms of service
00021183.761: p2 departs from S2, service time = 1176.634ms, time in system = 21153.273ms
00022008.177: token t11 arrives, token bucket now has 1 token
00024008.650: token t12 arrives, token bucket now has 2 tokens
00026009.547: token t13 arrives, token bucket now has 3 tokens
00028011.090: token t14 arrives, token bucket now has 4 tokens
00030012.303: token t15 arrives, token bucket now has 5 tokens
00030012.322: p3 leaves Q1, time in Q1 = 29921.021ms, token bucket now has 0 token
00030012.331: p3 enters Q2
00030012.370: p3 leaves Q2, time in Q2 = 0.039ms
00030012.377: p3 begins service at S2, requesting 1176.000ms of service
00031189.472: p3 departs from S2, service time = 1177.095ms, time in system = 31128.751ms
00032012.714: token t16 arrives, token bucket now has 1 token
00034013.948: token t17 arrives, token bucket now has 2 tokens
00036014.533: token t18 arrives, token bucket now has 3 tokens
00038015.021: token t19 arrives, token bucket now has 4 tokens
00040015.564: token t20 arrives, token bucket now has 5 tokens
00040015.582: p4 leaves Q1, time in Q1 = 39894.078ms, token bucket now has 0 token
00040015.591: p4 enters Q2
00040015.628: p4 leaves Q2, time in Q2 = 0.037ms
00040015.635: p4 begins service at S2, requesting 1176.000ms of service
00041193.127: p4 departs from S2, service time = 1177.492ms, time in system = 41101.839ms
00042017.016: emulation ends

Statistics: 

	average packet inter-arrival time = 0.03037375
	average packet service time = 1.177114

	average number of packets in Q1 = 2.3736596
	average number of packets in Q2 = 1.1090745e-05
	average number of packets in S1 = 0
	average number of packets in S2 = 0.11206069

	average time a packet spent in system = 26.141158
	standard deviation for time spent in system = 11.151124

	token drop probability = 0
	packet drop probability = 0
