Emulation Parameters: 
	number to arrive = 10
	r = 1.500000
	B = 2
	tsfile = warmup2data/f1.txt

00000000.000: emulation begins
00000666.674: token t1 arrives, token bucket now has 1 token
00001333.063: token t2 arrives, token bucket now has 2 tokens
00001999.846: token t3 arrives, dropped
00002540.737: p1 arrives, needs 2 tokens, inter-arrival time = 2540.737ms
00002540.749: p1 enter Q1
00002540.752: p1 leaves Q1, time in Q1 = 00000000.003ms, token bucket now has 2 tokens
00002540.754: p1 enters Q2
00002540.777: p1 leaves Q2, time in Q2 = 0.023ms
00002540.783: p1 begins service at S1, requesting  518.000ms of service
00002666.140: token t4 arrives, dropped
00003058.992: p1 departs from S1, service time =  518.209ms, time in system = 3058.992ms
00003332.734: token t5 arrives, dropped
00003999.416: token t6 arrives, dropped
00004666.294: token t7 arrives, dropped
00005332.567: token t8 arrives, dropped
00005999.002: token t9 arrives, dropped
00006665.176: token t10 arrives, dropped
00006792.551: p2 arrives, needs 1 tokens, inter-arrival time = 4251.814ms
00006792.560: p2 enter Q1
00006792.562: p2 leaves Q1, time in Q1 = 00000000.002ms, token bucket now has 2 tokens
00006792.565: p2 enters Q2
00006792.582: p2 leaves Q2, time in Q2 = 0.017ms
00006792.584: p2 begins service at S1, requesting  387.000ms of service
00007180.271: p2 departs from S1, service time =  387.687ms, time in system = 4639.534ms
00007331.881: token t11 arrives, dropped
00007998.280: token t12 arrives, dropped
00008664.707: token t13 arrives, dropped
00008925.944: p3 arrives, needs 1 tokens, inter-arrival time = 2133.393ms
00008925.955: p3 enter Q1
00008925.957: p3 leaves Q1, time in Q1 = 00000000.002ms, token bucket now has 2 tokens
00008925.961: p3 enters Q2
00008925.982: p3 leaves Q2, time in Q2 = 0.021ms
00008925.985: p3 begins service at S1, requesting 3686.000ms of service
00009026.324: p4 arrives, needs 3 tokens, inter-arrival time = 100.380ms, dropped
00009331.057: token t14 arrives, dropped
00009507.718: p5 arrives, needs 1 tokens, inter-arrival time = 481.394ms
00009507.728: p5 enter Q1
00009507.731: p5 leaves Q1, time in Q1 = 00000000.003ms, token bucket now has 2 tokens
00009507.734: p5 enters Q2
00009507.752: p5 leaves Q2, time in Q2 = 0.018ms
00009507.765: p5 begins service at S2, requesting 2664.000ms of service
00009998.209: token t15 arrives, dropped
00010665.189: token t16 arrives, dropped
00011332.860: token t17 arrives, dropped
00011999.694: token t18 arrives, dropped
00012172.783: p5 departs from S2, service time = 2665.018ms, time in system = 3146.459ms
00012449.704: p6 arrives, needs 2 tokens, inter-arrival time = 2941.986ms
00012449.721: p6 enter Q1
00012449.727: p6 leaves Q1, time in Q1 = 00000000.006ms, token bucket now has 2 tokens
00012449.734: p6 enters Q2
00012449.769: p6 leaves Q2, time in Q2 = 0.035ms
00012449.775: p6 begins service at S2, requesting 10000.000ms of service
00012612.494: p3 departs from S1, service time = 3686.509ms, time in system = 5819.943ms
00012666.266: token t19 arrives, dropped
00013333.292: token t20 arrives, dropped
00014000.273: token t21 arrives, dropped
00014667.384: token t22 arrives, dropped
00015080.525: p7 arrives, needs 4 tokens, inter-arrival time = 2630.821ms, dropped
00015333.919: token t23 arrives, dropped
00016000.382: token t24 arrives, dropped
00016666.816: token t25 arrives, dropped
00017199.876: p8 arrives, needs 4 tokens, inter-arrival time = 2119.351ms, dropped
00017333.630: token t26 arrives, dropped
00018000.923: token t27 arrives, dropped
00018667.249: token t28 arrives, dropped
00019058.679: p9 arrives, needs 1 tokens, inter-arrival time = 1858.803ms
00019058.697: p9 enter Q1
00019058.702: p9 leaves Q1, time in Q1 = 00000000.005ms, token bucket now has 2 tokens
00019058.710: p9 enters Q2
00019058.743: p9 leaves Q2, time in Q2 = 0.033ms
00019058.750: p9 begins service at S1, requesting 1414.000ms of service
00019334.037: token t29 arrives, dropped
00019562.492: p10 arrives, needs 1 tokens, inter-arrival time = 503.813ms
00019562.502: p10 enter Q1
00019562.505: p10 leaves Q1, time in Q1 = 00000000.003ms, token bucket now has 2 tokens
00019562.520: p10 enters Q2
00020473.603: p9 departs from S1, service time = 1414.853ms, time in system = 3273.727ms
00020473.626: p10 leaves Q2, time in Q2 = 911.106ms
00020473.633: p10 begins service at S1, requesting 2562.000ms of service
00022450.744: p6 departs from S2, service time = 10000.969ms, time in system = 12943.026ms
00023036.720: p10 departs from S1, service time = 2563.087ms, time in system = 3978.041ms
00023036.837: emulation ends

Statistics: 

	average packet inter-arrival time = 1.9562492
	average packet service time = 3.0337617

	average number of packets in Q1 = 1.0418097e-06
	average number of packets in Q2 = 0.039556342
	average number of packets in S1 = 0.37202785
	average number of packets in S2 = 0.5498145

	average time a packet spent in system = 5.2656746
	standard deviation for time spent in system = 3.2651267

	token drop probability = 0.93103448
	packet drop probability = 0.3
