Emulation Parameters: 
	number to arrive = 50
	r = 1.500000
	B = 1
	tsfile = warmup2data/f2.txt

00000000.000: emulation begins
00000291.793: p1 arrives, needs 2 tokens, inter-arrival time = 291.793ms, dropped
00000544.392: p2 arrives, needs 1 tokens, inter-arrival time = 252.599ms
00000544.410: p2 enter Q1
00000666.549: token t1 arrives, token bucket now has 1 token
00000666.566: p2 leaves Q1, time in Q1 = 122.156ms, token bucket now has 0 token
00000666.589: p2 enters Q2
00000666.605: p2 leaves Q2, time in Q2 = 0.016ms
00000666.611: p2 begins service at S2, requesting  342.000ms of service
00000742.861: p3 arrives, needs 3 tokens, inter-arrival time = 198.469ms, dropped
00000763.548: p4 arrives, needs 5 tokens, inter-arrival time = 20.687ms, dropped
00001009.129: p2 departs from S2, service time =  342.518ms, time in system =  717.336ms
00001041.913: p5 arrives, needs 3 tokens, inter-arrival time = 278.365ms, dropped
00001333.106: token t2 arrives, token bucket now has 1 token
00001492.523: p6 arrives, needs 1 tokens, inter-arrival time = 450.610ms
00001492.541: p6 enter Q1
00001492.547: p6 leaves Q1, time in Q1 = 00000000.006ms, token bucket now has 1 token
00001492.555: p6 enters Q2
00001492.592: p6 leaves Q2, time in Q2 = 0.037ms
00001492.598: p6 begins service at S2, requesting  988.000ms of service
00001588.976: p7 arrives, needs 3 tokens, inter-arrival time = 96.453ms, dropped
00001725.127: p8 arrives, needs 4 tokens, inter-arrival time = 136.151ms, dropped
00001934.548: p9 arrives, needs 1 tokens, inter-arrival time = 209.421ms
00001934.556: p9 enter Q1
00001934.559: p9 leaves Q1, time in Q1 = 00000000.003ms, token bucket now has 1 token
00001934.561: p9 enters Q2
00001934.577: p9 leaves Q2, time in Q2 = 0.016ms
00001934.589: p9 begins service at S1, requesting  172.000ms of service
00001999.450: token t3 arrives, dropped
00002107.782: p9 departs from S1, service time =  173.193ms, time in system =  382.655ms
00002304.488: p10 arrives, needs 1 tokens, inter-arrival time = 369.940ms
00002304.500: p10 enter Q1
00002304.503: p10 leaves Q1, time in Q1 = 00000000.003ms, token bucket now has 1 token
00002304.507: p10 enters Q2
00002304.527: p10 leaves Q2, time in Q2 = 0.020ms
00002304.531: p10 begins service at S1, requesting  195.000ms of service
00002480.743: p6 departs from S2, service time =  988.145ms, time in system = 1438.830ms
00002499.712: p10 departs from S1, service time =  195.181ms, time in system =  565.164ms
00002624.307: p11 arrives, needs 5 tokens, inter-arrival time = 319.819ms, dropped
00002667.811: token t4 arrives, dropped
00002816.151: p12 arrives, needs 4 tokens, inter-arrival time = 191.844ms, dropped
00002932.376: p13 arrives, needs 2 tokens, inter-arrival time = 116.225ms, dropped
00003284.475: p14 arrives, needs 4 tokens, inter-arrival time = 352.099ms, dropped
00003334.452: token t5 arrives, dropped
00003407.689: p15 arrives, needs 1 tokens, inter-arrival time = 123.214ms
00003407.707: p15 enter Q1
00003407.713: p15 leaves Q1, time in Q1 = 00000000.006ms, token bucket now has 1 token
00003407.721: p15 enters Q2
00003407.757: p15 leaves Q2, time in Q2 = 0.036ms
00003407.763: p15 begins service at S1, requesting  584.000ms of service
00003602.464: p16 arrives, needs 3 tokens, inter-arrival time = 194.775ms, dropped
00003957.054: p17 arrives, needs 4 tokens, inter-arrival time = 354.590ms, dropped
00003992.680: p15 departs from S1, service time =  584.917ms, time in system =  708.205ms
00004000.893: token t6 arrives, dropped
00004195.463: p18 arrives, needs 2 tokens, inter-arrival time = 238.409ms, dropped
00004342.119: p19 arrives, needs 4 tokens, inter-arrival time = 146.656ms, dropped
00004612.654: p20 arrives, needs 2 tokens, inter-arrival time = 270.535ms, dropped
00004667.743: token t7 arrives, dropped
00004946.069: p21 arrives, needs 3 tokens, inter-arrival time = 333.415ms, dropped
00005209.680: p22 arrives, needs 1 tokens, inter-arrival time = 263.611ms
00005209.698: p22 enter Q1
00005209.704: p22 leaves Q1, time in Q1 = 00000000.006ms, token bucket now has 1 token
00005209.711: p22 enters Q2
00005209.767: p22 leaves Q2, time in Q2 = 0.056ms
00005209.774: p22 begins service at S1, requesting  612.000ms of service
00005334.936: token t8 arrives, dropped
00005345.865: p23 arrives, needs 1 tokens, inter-arrival time = 136.185ms
00005345.883: p23 enter Q1
00005345.888: p23 leaves Q1, time in Q1 = 00000000.005ms, token bucket now has 1 token
00005345.896: p23 enters Q2
00005345.930: p23 leaves Q2, time in Q2 = 0.034ms
00005345.936: p23 begins service at S2, requesting  192.000ms of service
00005538.194: p23 departs from S2, service time =  192.258ms, time in system =  328.514ms
00005677.450: p24 arrives, needs 5 tokens, inter-arrival time = 331.585ms, dropped
00005818.920: p25 arrives, needs 4 tokens, inter-arrival time = 141.470ms, dropped
00005822.816: p22 departs from S1, service time =  613.042ms, time in system =  876.747ms
00006001.830: token t9 arrives, dropped
00006181.554: p26 arrives, needs 4 tokens, inter-arrival time = 362.634ms, dropped
00006630.800: p27 arrives, needs 4 tokens, inter-arrival time = 449.246ms, dropped
00006668.288: token t10 arrives, dropped
00006911.912: p28 arrives, needs 2 tokens, inter-arrival time = 281.112ms, dropped
00007050.952: p29 arrives, needs 5 tokens, inter-arrival time = 139.040ms, dropped
00007312.405: p30 arrives, needs 2 tokens, inter-arrival time = 261.453ms, dropped
00007334.640: token t11 arrives, dropped
00007420.039: p31 arrives, needs 4 tokens, inter-arrival time = 107.634ms, dropped
00007871.688: p32 arrives, needs 2 tokens, inter-arrival time = 451.649ms, dropped
00008000.936: token t12 arrives, dropped
00008286.317: p33 arrives, needs 2 tokens, inter-arrival time = 414.629ms, dropped
00008692.657: token t13 arrives, dropped
00008716.027: p34 arrives, needs 2 tokens, inter-arrival time = 429.710ms, dropped
00008962.158: p35 arrives, needs 5 tokens, inter-arrival time = 246.131ms, dropped
00009265.917: p36 arrives, needs 1 tokens, inter-arrival time = 303.759ms
00009265.936: p36 enter Q1
00009265.941: p36 leaves Q1, time in Q1 = 00000000.005ms, token bucket now has 1 token
00009265.948: p36 enters Q2
00009265.985: p36 leaves Q2, time in Q2 = 0.037ms
00009265.991: p36 begins service at S1, requesting  468.000ms of service
00009359.657: token t14 arrives, dropped
00009471.015: p37 arrives, needs 1 tokens, inter-arrival time = 205.098ms
00009471.028: p37 enter Q1
00009471.031: p37 leaves Q1, time in Q1 = 00000000.003ms, token bucket now has 1 token
00009471.035: p37 enters Q2
00009471.057: p37 leaves Q2, time in Q2 = 0.022ms
00009471.060: p37 begins service at S2, requesting  589.000ms of service
00009734.434: p36 departs from S1, service time =  468.443ms, time in system =  772.276ms
00009898.328: p38 arrives, needs 3 tokens, inter-arrival time = 427.313ms, dropped
00010026.017: token t15 arrives, dropped
00010056.906: p39 arrives, needs 3 tokens, inter-arrival time = 158.578ms, dropped
00010060.686: p37 departs from S2, service time =  589.626ms, time in system =  794.769ms
00010312.580: p40 arrives, needs 4 tokens, inter-arrival time = 255.674ms, dropped
00010692.454: token t16 arrives, dropped
00010743.250: p41 arrives, needs 2 tokens, inter-arrival time = 430.670ms, dropped
00011038.551: p42 arrives, needs 5 tokens, inter-arrival time = 295.301ms, dropped
00011358.954: token t17 arrives, dropped
00011443.700: p43 arrives, needs 5 tokens, inter-arrival time = 405.149ms, dropped
00011870.228: p44 arrives, needs 5 tokens, inter-arrival time = 426.528ms, dropped
00012016.404: p45 arrives, needs 4 tokens, inter-arrival time = 146.176ms, dropped
00012025.714: token t18 arrives, dropped
00012327.011: p46 arrives, needs 3 tokens, inter-arrival time = 310.607ms, dropped
00012457.760: p47 arrives, needs 5 tokens, inter-arrival time = 130.749ms, dropped
00012692.474: token t19 arrives, dropped
00012692.506: p48 arrives, needs 5 tokens, inter-arrival time = 234.746ms, dropped
00012858.121: p49 arrives, needs 4 tokens, inter-arrival time = 165.615ms, dropped
00013156.795: p50 arrives, needs 4 tokens, inter-arrival time = 298.674ms, dropped
00013359.114: emulation ends

Statistics: 

	average packet inter-arrival time = 0.2631359
	average packet service time = 0.46081367

	average number of packets in Q1 = 0.0091467892
	average number of packets in Q2 = 2.0510342e-05
	average number of packets in S1 = 0.15231369
	average number of packets in S2 = 0.15813526

	average time a packet spent in system = 0.73161067
	standard deviation for time spent in system = 0.30542856

	token drop probability = 0.89473684
	packet drop probability = 0.82
