Emulation Parameters: 
	number to arrive = 20
	r = 1.500000
	B = 10
	tsfile = warmup2data/f3.txt

00000000.000: emulation begins
00000424.009: p1 arrives, needs 1 tokens, inter-arrival time = 424.009ms
00000424.026: p1 enter Q1
00000646.627: p2 arrives, needs 4 tokens, inter-arrival time = 222.618ms
00000646.638: p2 enter Q1
00000666.345: token t1 arrives, token bucket now has 1 token
00000666.363: p1 leaves Q1, time in Q1 = 242.337ms, token bucket now has 0 token
00000666.386: p1 enters Q2
00000666.402: p1 leaves Q2, time in Q2 = 0.016ms
00000666.407: p1 begins service at S2, requesting   46.000ms of service
00000713.073: p1 departs from S2, service time =   46.666ms, time in system =  713.073ms
00001026.675: p3 arrives, needs 6 tokens, inter-arrival time = 380.048ms
00001026.689: p3 enter Q1
00001088.605: p4 arrives, needs 1 tokens, inter-arrival time = 61.930ms
00001088.618: p4 enter Q1
00001333.071: token t2 arrives, token bucket now has 1 token
00001337.240: p5 arrives, needs 1 tokens, inter-arrival time = 248.635ms
00001337.252: p5 enter Q1
00001514.711: p6 arrives, needs 2 tokens, inter-arrival time = 177.471ms
00001514.721: p6 enter Q1
00001593.021: p7 arrives, needs 5 tokens, inter-arrival time = 78.310ms
00001593.032: p7 enter Q1
00001991.600: p8 arrives, needs 6 tokens, inter-arrival time = 398.579ms
00001991.611: p8 enter Q1
00002000.024: token t3 arrives, token bucket now has 2 tokens
00002100.350: p9 arrives, needs 2 tokens, inter-arrival time = 108.750ms
00002100.369: p9 enter Q1
00002462.562: p10 arrives, needs 2 tokens, inter-arrival time = 362.212ms
00002462.570: p10 enter Q1
00002666.296: token t4 arrives, token bucket now has 3 tokens
00003052.960: p11 arrives, needs 5 tokens, inter-arrival time = 590.398ms
00003052.971: p11 enter Q1
00003332.625: token t5 arrives, token bucket now has 4 tokens
00003332.636: p2 leaves Q1, time in Q1 = 2685.998ms, token bucket now has 0 token
00003332.641: p2 enters Q2
00003332.662: p2 leaves Q2, time in Q2 = 0.021ms
00003332.665: p2 begins service at S2, requesting  792.000ms of service
00003604.510: p12 arrives, needs 6 tokens, inter-arrival time = 551.550ms
00003604.519: p12 enter Q1
00003737.694: p13 arrives, needs 1 tokens, inter-arrival time = 133.184ms
00003737.704: p13 enter Q1
00003917.387: p14 arrives, needs 6 tokens, inter-arrival time = 179.693ms
00003917.398: p14 enter Q1
00003979.105: p15 arrives, needs 3 tokens, inter-arrival time = 61.718ms
00003979.123: p15 enter Q1
00003999.822: token t6 arrives, token bucket now has 1 token
00004014.692: p16 arrives, needs 6 tokens, inter-arrival time = 35.587ms
00004014.702: p16 enter Q1
00004124.978: p2 departs from S2, service time =  792.313ms, time in system = 3700.969ms
00004128.836: p17 arrives, needs 6 tokens, inter-arrival time = 114.144ms
00004128.853: p17 enter Q1
00004273.391: p18 arrives, needs 3 tokens, inter-arrival time = 144.555ms
00004273.399: p18 enter Q1
00004301.854: p19 arrives, needs 5 tokens, inter-arrival time = 28.463ms
00004301.864: p19 enter Q1
00004629.757: p20 arrives, needs 4 tokens, inter-arrival time = 327.903ms
00004629.775: p20 enter Q1
00004666.837: token t7 arrives, token bucket now has 2 tokens
00005333.245: token t8 arrives, token bucket now has 3 tokens
00006000.175: token t9 arrives, token bucket now has 4 tokens
00006666.739: token t10 arrives, token bucket now has 5 tokens
00007333.112: token t11 arrives, token bucket now has 6 tokens
00007333.124: p3 leaves Q1, time in Q1 = 6306.435ms, token bucket now has 0 token
00007333.129: p3 enters Q2
00007333.145: p3 leaves Q2, time in Q2 = 0.016ms
00007333.186: p3 begins service at S1, requesting 1111.000ms of service
00007999.310: token t12 arrives, token bucket now has 1 token
00007999.320: p4 leaves Q1, time in Q1 = 6910.702ms, token bucket now has 0 token
00007999.324: p4 enters Q2
00007999.338: p4 leaves Q2, time in Q2 = 0.014ms
00007999.340: p4 begins service at S2, requesting 1025.000ms of service
00008444.342: p3 departs from S1, service time = 1111.156ms, time in system = 7797.715ms
00008665.931: token t13 arrives, token bucket now has 1 token
00008665.953: p5 leaves Q1, time in Q1 = 7328.701ms, token bucket now has 0 token
00008665.958: p5 enters Q2
00008665.978: p5 leaves Q2, time in Q2 = 0.020ms
00008665.981: p5 begins service at S1, requesting  135.000ms of service
00008801.568: p5 departs from S1, service time =  135.587ms, time in system = 7712.963ms
00009025.374: p4 departs from S2, service time = 1026.034ms, time in system = 7998.699ms
00009332.931: token t14 arrives, token bucket now has 1 token
00009999.104: token t15 arrives, token bucket now has 2 tokens
00009999.116: p6 leaves Q1, time in Q1 = 8484.395ms, token bucket now has 0 token
00009999.121: p6 enters Q2
00009999.139: p6 leaves Q2, time in Q2 = 0.018ms
00009999.142: p6 begins service at S1, requesting  730.000ms of service
00010666.279: token t16 arrives, token bucket now has 1 token
00010729.841: p6 departs from S1, service time =  730.699ms, time in system = 9392.601ms
00011332.586: token t17 arrives, token bucket now has 2 tokens
00011998.955: token t18 arrives, token bucket now has 3 tokens
00012665.595: token t19 arrives, token bucket now has 4 tokens
00013331.945: token t20 arrives, token bucket now has 5 tokens
00013331.956: p7 leaves Q1, time in Q1 = 11738.924ms, token bucket now has 0 token
00013331.961: p7 enters Q2
00013331.984: p7 leaves Q2, time in Q2 = 0.023ms
00013331.988: p7 begins service at S1, requesting 1210.000ms of service
00013998.348: token t21 arrives, token bucket now has 1 token
00014542.312: p7 departs from S1, service time = 1210.324ms, time in system = 13027.601ms
00014664.702: token t22 arrives, token bucket now has 2 tokens
00015330.899: token t23 arrives, token bucket now has 3 tokens
00015997.369: token t24 arrives, token bucket now has 4 tokens
00016663.577: token t25 arrives, token bucket now has 5 tokens
00017330.170: token t26 arrives, token bucket now has 6 tokens
00017330.182: p8 leaves Q1, time in Q1 = 15338.571ms, token bucket now has 0 token
00017330.185: p8 enters Q2
00017330.203: p8 leaves Q2, time in Q2 = 0.018ms
00017330.206: p8 begins service at S1, requesting  138.000ms of service
00017468.412: p8 departs from S1, service time =  138.206ms, time in system = 15875.391ms
00017997.602: token t27 arrives, token bucket now has 1 token
00018664.041: token t28 arrives, token bucket now has 2 tokens
00018664.050: p9 leaves Q1, time in Q1 = 16563.681ms, token bucket now has 0 token
00018664.054: p9 enters Q2
00018664.069: p9 leaves Q2, time in Q2 = 0.015ms
00018664.072: p9 begins service at S1, requesting  512.000ms of service
00019176.368: p9 departs from S1, service time =  512.296ms, time in system = 17184.768ms
00019331.444: token t29 arrives, token bucket now has 1 token
00019998.184: token t30 arrives, token bucket now has 2 tokens
00019998.196: p10 leaves Q1, time in Q1 = 17535.626ms, token bucket now has 0 token
00019998.200: p10 enters Q2
00019998.217: p10 leaves Q2, time in Q2 = 0.017ms
00019998.220: p10 begins service at S1, requesting  354.000ms of service
00020354.151: p10 departs from S1, service time =  355.931ms, time in system = 18253.801ms
00020664.644: token t31 arrives, token bucket now has 1 token
00021331.651: token t32 arrives, token bucket now has 2 tokens
00021999.028: token t33 arrives, token bucket now has 3 tokens
00022665.416: token t34 arrives, token bucket now has 4 tokens
00023331.619: token t35 arrives, token bucket now has 5 tokens
00023331.631: p11 leaves Q1, time in Q1 = 20278.660ms, token bucket now has 0 token
00023331.634: p11 enters Q2
00023331.652: p11 leaves Q2, time in Q2 = 0.018ms
00023331.655: p11 begins service at S1, requesting  651.000ms of service
00023982.999: p11 departs from S1, service time =  651.344ms, time in system = 21520.437ms
00023997.954: token t36 arrives, token bucket now has 1 token
00024664.318: token t37 arrives, token bucket now has 2 tokens
00025331.612: token t38 arrives, token bucket now has 3 tokens
00025997.873: token t39 arrives, token bucket now has 4 tokens
00026665.320: token t40 arrives, token bucket now has 5 tokens
00027332.584: token t41 arrives, token bucket now has 6 tokens
00027332.620: p12 leaves Q1, time in Q1 = 23728.101ms, token bucket now has 0 token
00027332.629: p12 enters Q2
00027332.665: p12 leaves Q2, time in Q2 = 0.036ms
00027332.671: p12 begins service at S1, requesting 1209.000ms of service
00027999.690: token t42 arrives, token bucket now has 1 token
00027999.706: p13 leaves Q1, time in Q1 = 24262.002ms, token bucket now has 0 token
00027999.713: p13 enters Q2
00027999.743: p13 leaves Q2, time in Q2 = 0.030ms
00027999.749: p13 begins service at S2, requesting 1175.000ms of service
00028542.640: p12 departs from S1, service time = 1209.969ms, time in system = 25489.680ms
00028666.013: token t43 arrives, token bucket now has 1 token
00029175.101: p13 departs from S2, service time = 1175.352ms, time in system = 25570.591ms
00029332.992: token t44 arrives, token bucket now has 2 tokens
00029999.505: token t45 arrives, token bucket now has 3 tokens
00030666.267: token t46 arrives, token bucket now has 4 tokens
00031332.563: token t47 arrives, token bucket now has 5 tokens
00031998.812: token t48 arrives, token bucket now has 6 tokens
00031998.823: p14 leaves Q1, time in Q1 = 28081.425ms, token bucket now has 0 token
00031998.829: p14 enters Q2
00031998.850: p14 leaves Q2, time in Q2 = 0.021ms
00031998.854: p14 begins service at S2, requesting  397.000ms of service
00032396.850: p14 departs from S2, service time =  397.996ms, time in system = 28659.156ms
00032666.628: token t49 arrives, token bucket now has 1 token
00033333.296: token t50 arrives, token bucket now has 2 tokens
00034000.155: token t51 arrives, token bucket now has 3 tokens
00034000.179: p15 leaves Q1, time in Q1 = 30021.056ms, token bucket now has 0 token
00034000.183: p15 enters Q2
00034000.217: p15 leaves Q2, time in Q2 = 0.034ms
00034000.221: p15 begins service at S2, requesting  305.000ms of service
00034306.073: p15 departs from S2, service time =  305.852ms, time in system = 30388.686ms
00034666.634: token t52 arrives, token bucket now has 1 token
00035332.988: token t53 arrives, token bucket now has 2 tokens
00035999.332: token t54 arrives, token bucket now has 3 tokens
00036665.687: token t55 arrives, token bucket now has 4 tokens
00037332.294: token t56 arrives, token bucket now has 5 tokens
00037998.980: token t57 arrives, token bucket now has 6 tokens
00037998.997: p16 leaves Q1, time in Q1 = 33984.295ms, token bucket now has 0 token
00037999.006: p16 enters Q2
00037999.042: p16 leaves Q2, time in Q2 = 0.036ms
00037999.049: p16 begins service at S2, requesting 1049.000ms of service
00038665.294: token t58 arrives, token bucket now has 1 token
00039049.208: p16 departs from S2, service time = 1050.159ms, time in system = 35070.103ms
00039331.693: token t59 arrives, token bucket now has 2 tokens
00039998.777: token t60 arrives, token bucket now has 3 tokens
00040665.529: token t61 arrives, token bucket now has 4 tokens
00041332.392: token t62 arrives, token bucket now has 5 tokens
00041998.792: token t63 arrives, token bucket now has 6 tokens
00041998.801: p17 leaves Q1, time in Q1 = 37869.948ms, token bucket now has 0 token
00041998.805: p17 enters Q2
00041998.821: p17 leaves Q2, time in Q2 = 0.016ms
00041998.824: p17 begins service at S2, requesting  589.000ms of service
00042588.878: p17 departs from S2, service time =  590.054ms, time in system = 38574.186ms
00042665.625: token t64 arrives, token bucket now has 1 token
00043332.299: token t65 arrives, token bucket now has 2 tokens
00043998.908: token t66 arrives, token bucket now has 3 tokens
00043998.925: p18 leaves Q1, time in Q1 = 39725.526ms, token bucket now has 0 token
00043998.934: p18 enters Q2
00043998.970: p18 leaves Q2, time in Q2 = 0.036ms
00043998.977: p18 begins service at S2, requesting  950.000ms of service
00044666.621: token t67 arrives, token bucket now has 1 token
00044950.329: p18 departs from S2, service time =  951.352ms, time in system = 40821.493ms
00045333.439: token t68 arrives, token bucket now has 2 tokens
00046000.014: token t69 arrives, token bucket now has 3 tokens
00046667.568: token t70 arrives, token bucket now has 4 tokens
00047333.780: token t71 arrives, token bucket now has 5 tokens
00047333.799: p19 leaves Q1, time in Q1 = 43031.935ms, token bucket now has 0 token
00047333.808: p19 enters Q2
00047333.845: p19 leaves Q2, time in Q2 = 0.037ms
00047333.853: p19 begins service at S2, requesting  878.000ms of service
00048001.223: token t72 arrives, token bucket now has 1 token
00048213.399: p19 departs from S2, service time =  879.546ms, time in system = 43940.008ms
00048668.287: token t73 arrives, token bucket now has 2 tokens
00049335.428: token t74 arrives, token bucket now has 3 tokens
00050002.278: token t75 arrives, token bucket now has 4 tokens
00050002.297: p20 leaves Q1, time in Q1 = 45372.522ms, token bucket now has 0 token
00050002.306: p20 enters Q2
00050002.343: p20 leaves Q2, time in Q2 = 0.037ms
00050002.349: p20 begins service at S2, requesting  181.000ms of service
00050184.076: p20 departs from S2, service time =  181.727ms, time in system = 45882.222ms
00050669.712: emulation ends

Statistics: 

	average packet inter-arrival time = 0.23148785
	average packet service time = 0.67262815

	average number of packets in Q1 = 8.2789269
	average number of packets in Q2 = 9.4533792e-06
	average number of packets in S1 = 0.1195095
	average number of packets in S2 = 0.14598565

	average time a packet spent in system = 21.878707
	standard deviation for time spent in system = 13.592483

	token drop probability = 0
	packet drop probability = 0
